  epoch 01 | loss 0.7101 | valid_auc 0.6553
  epoch 02 | loss 0.6433 | valid_auc 0.7062
  epoch 03 | loss 0.6427 | valid_auc 0.7181
  epoch 04 | loss 0.6376 | valid_auc 0.7237
  epoch 05 | loss 0.6030 | valid_auc 0.7290
  epoch 06 | loss 0.5313 | valid_auc 0.7360
  epoch 07 | loss 0.4856 | valid_auc 0.7416
  epoch 08 | loss 0.4614 | valid_auc 0.7454
  epoch 09 | loss 0.4466 | valid_auc 0.7479
  epoch 10 | loss 0.4348 | valid_auc 0.7493
  epoch 11 | loss 0.4247 | valid_auc 0.7502
  epoch 12 | loss 0.4166 | valid_auc 0.7507
  epoch 13 | loss 0.4094 | valid_auc 0.7509
  epoch 14 | loss 0.4033 | valid_auc 0.7509
  epoch 15 | loss 0.3984 | valid_auc 0.7507
  epoch 16 | loss 0.3925 | valid_auc 0.7503
  epoch 17 | loss 0.3875 | valid_auc 0.7501
  epoch 18 | loss 0.3838 | valid_auc 0.7497
  epoch 19 | loss 0.3803 | valid_auc 0.7492
  epoch 20 | loss 0.3764 | valid_auc 0.7487
  epoch 21 | loss 0.3735 | valid_auc 0.7482
  epoch 22 | loss 0.3705 | valid_auc 0.7476
  early stop @ ep22 (best 0.7509 @ ep14)
  policy random               mean items-to-certify-8 = 36.92
  policy popularity           mean items-to-certify-8 = 119.61
  policy max_disc             mean items-to-certify-8 = 53.34
  policy certificate_greedy   mean items-to-certify-8 = 11.89
  saved -> outputs/certcd_run/cat/cat_assist_09_ncdm.json
